[debug] [2020-04-22T00:13:20.422Z] ----------------------------------------------------------------------
[debug] [2020-04-22T00:13:20.424Z] Command:       C:\Program Files\nodejs\node.exe C:\Users\michelle perez\AppData\Roaming\npm\node_modules\firebase-tools\lib\bin\firebase.js init
[debug] [2020-04-22T00:13:20.424Z] CLI Version:   8.1.0
[debug] [2020-04-22T00:13:20.424Z] Platform:      win32
[debug] [2020-04-22T00:13:20.425Z] Node Version:  v12.16.1
[debug] [2020-04-22T00:13:20.425Z] Time:          Tue Apr 21 2020 18:13:20 GMT-0600 (Mexican Pacific Daylight Time)
[debug] [2020-04-22T00:13:20.426Z] ----------------------------------------------------------------------
[debug] [2020-04-22T00:13:20.426Z] 
[debug] [2020-04-22T00:13:20.435Z] > command requires scopes: ["email","openid","https://www.googleapis.com/auth/cloudplatformprojects.readonly","https://www.googleapis.com/auth/firebase","https://www.googleapis.com/auth/cloud-platform"]
[debug] [2020-04-22T00:13:20.435Z] > authorizing via signed-in user
[info] 
     ######## #### ########  ######## ########     ###     ######  ########
     ##        ##  ##     ## ##       ##     ##  ##   ##  ##       ##
     ######    ##  ########  ######   ########  #########  ######  ######
     ##        ##  ##    ##  ##       ##     ## ##     ##       ## ##
     ##       #### ##     ## ######## ########  ##     ##  ######  ########

You're about to initialize a Firebase project in this directory:

  C:\Users\michelle perez\Documents\Code\Udemy\E-Commerce\ecommerce

[info] 
=== Project Setup
[info] 
[info] First, let's associate this project directory with a Firebase project.
[info] You can create multiple project aliases by running firebase use --add, 
[info] but for now we'll just set up a default project.
[info] 
